[debug] [2021-08-08T09:59:38.398Z] ----------------------------------------------------------------------
[debug] [2021-08-08T09:59:38.404Z] Command:       C:\Program Files\nodejs\node.exe C:\Users\RANJIT\AppData\Roaming\npm\node_modules\firebase-tools\lib\bin\firebase.js init
[debug] [2021-08-08T09:59:38.405Z] CLI Version:   9.11.0
[debug] [2021-08-08T09:59:38.405Z] Platform:      win32
[debug] [2021-08-08T09:59:38.405Z] Node Version:  v16.1.0
[debug] [2021-08-08T09:59:38.408Z] Time:          Sun Aug 08 2021 15:29:38 GMT+0530 (India Standard Time)
[debug] [2021-08-08T09:59:38.408Z] ----------------------------------------------------------------------
[debug] 
[debug] [2021-08-08T09:59:38.428Z] > command requires scopes: ["email","openid","https://www.googleapis.com/auth/cloudplatformprojects.readonly","https://www.googleapis.com/auth/firebase","https://www.googleapis.com/auth/cloud-platform"]
[debug] [2021-08-08T09:59:38.428Z] > authorizing via signed-in user (sahooranjit519@gmail.com)
[info] 
     ######## #### ########  ######## ########     ###     ######  ########
     ##        ##  ##     ## ##       ##     ##  ##   ##  ##       ##
     ######    ##  ########  ######   ########  #########  ######  ######
     ##        ##  ##    ##  ##       ##     ## ##     ##       ## ##
     ##       #### ##     ## ######## ########  ##     ##  ######  ########

You're about to initialize a Firebase project in this directory:

  E:\practice\sfuVideostreamreact\client

[info] 
=== Project Setup
[info] 
[info] First, let's associate this project directory with a Firebase project.
[info] You can create multiple project aliases by running firebase use --add, 
[info] but for now we'll just set up a default project.
[info] 
[debug] [2021-08-08T10:00:02.158Z] > refreshing access token with scopes: []
[debug] [2021-08-08T10:00:02.159Z] >>> HTTP REQUEST POST https://www.googleapis.com/oauth2/v3/token  
 <request body omitted>
[debug] [2021-08-08T10:00:02.756Z] <<< HTTP RESPONSE 200 {"expires":"Mon, 01 Jan 1990 00:00:00 GMT","cache-control":"no-cache, no-store, max-age=0, must-revalidate","date":"Sun, 08 Aug 2021 10:01:05 GMT","pragma":"no-cache","content-type":"application/json; charset=utf-8","vary":"X-Origin, Referer, Origin,Accept-Encoding","server":"scaffolding on HTTPServer2","x-xss-protection":"0","x-frame-options":"SAMEORIGIN","x-content-type-options":"nosniff","alt-svc":"h3=\":443\"; ma=2592000,h3-29=\":443\"; ma=2592000,h3-T051=\":443\"; ma=2592000,h3-Q050=\":443\"; ma=2592000,h3-Q046=\":443\"; ma=2592000,h3-Q043=\":443\"; ma=2592000,quic=\":443\"; ma=2592000; v=\"46,43\"","accept-ranges":"none","transfer-encoding":"chunked"}
[debug] [2021-08-08T10:00:02.772Z] >>> [apiv2][query] GET https://firebase.googleapis.com/v1beta1/projects pageSize=100
[debug] [2021-08-08T10:00:03.783Z] <<< [apiv2][status] GET https://firebase.googleapis.com/v1beta1/projects 200
[debug] [2021-08-08T10:00:03.783Z] <<< [apiv2][body] GET https://firebase.googleapis.com/v1beta1/projects [omitted]
[info] i  Using project nifty-memory-304409 (My First Project) 
[info] 
=== Hosting Setup
[info] 
[info] Your public directory is the folder (relative to your project directory) that
[info] will contain Hosting assets to be uploaded with firebase deploy. If you
[info] have a build process for your assets, use your build's output directory.
[info] 
[debug] [2021-08-08T10:00:36.784Z] >>> [apiv2][query] GET https://www.gstatic.com/firebasejs/releases.json [none]
[debug] [2021-08-08T10:00:37.095Z] <<< [apiv2][status] GET https://www.gstatic.com/firebasejs/releases.json 200
[debug] [2021-08-08T10:00:37.096Z] <<< [apiv2][body] GET https://www.gstatic.com/firebasejs/releases.json {"current":{"version":"8.9.0","browserURL":"https://www.gstatic.com/firebasejs/8.9.0/firebase.js","packageURL":"https://www.gstatic.com/firebasejs/8.9.0/firebase.tgz"},"live":{"version":"8.9","browserURL":"https://www.gstatic.com/firebasejs/live/8.9/firebase.js","packageURL":"https://www.gstatic.com/firebasejs/live/8.9/firebase.tgz"},"components":{"analytics":"https://www.gstatic.com/firebasejs/8.9.0/firebase-analytics.js","app":"https://www.gstatic.com/firebasejs/8.9.0/firebase-app.js","app-check":"https://www.gstatic.com/firebasejs/8.9.0/firebase-app-check.js","auth":"https://www.gstatic.com/firebasejs/8.9.0/firebase-auth.js","database":"https://www.gstatic.com/firebasejs/8.9.0/firebase-database.js","firestore":"https://www.gstatic.com/firebasejs/8.9.0/firebase-firestore.js","functions":"https://www.gstatic.com/firebasejs/8.9.0/firebase-functions.js","installations":"https://www.gstatic.com/firebasejs/8.9.0/firebase-installations.js","messaging":"https://www.gstatic.com/firebasejs/8.9.0/firebase-messaging.js","storage":"https://www.gstatic.com/firebasejs/8.9.0/firebase-storage.js","performance":"https://www.gstatic.com/firebasejs/8.9.0/firebase-performance.js","remote-config":"https://www.gstatic.com/firebasejs/8.9.0/firebase-remote-config.js","firestore.memory":"https://www.gstatic.com/firebasejs/8.9.0/firebase-firestore.memory.js"}}
[debug] [2021-08-08T10:00:37.412Z] Error: EPERM: operation not permitted, open 'E:\practice\sfuVideostreamreact\client\build\index.html'
    at Object.openSync (node:fs:583:3)
    at Object.writeFileSync (node:fs:2144:35)
    at Object.createFileSync (C:\Users\RANJIT\AppData\Roaming\npm\node_modules\firebase-tools\node_modules\fs-extra\lib\ensure\file.js:43:6)
    at Config.writeProjectFile (C:\Users\RANJIT\AppData\Roaming\npm\node_modules\firebase-tools\lib\config.js:155:8)
    at C:\Users\RANJIT\AppData\Roaming\npm\node_modules\firebase-tools\lib\config.js:174:18
    at processTicksAndRejections (node:internal/process/task_queues:96:5)
[error] 
[error] Error: An unexpected error has occurred.
[debug] [2021-08-08T10:03:31.192Z] ----------------------------------------------------------------------
[debug] [2021-08-08T10:03:31.196Z] Command:       C:\Program Files\nodejs\node.exe C:\Users\RANJIT\AppData\Roaming\npm\node_modules\firebase-tools\lib\bin\firebase.js init
[debug] [2021-08-08T10:03:31.197Z] CLI Version:   9.11.0
[debug] [2021-08-08T10:03:31.197Z] Platform:      win32
[debug] [2021-08-08T10:03:31.197Z] Node Version:  v16.1.0
[debug] [2021-08-08T10:03:31.198Z] Time:          Sun Aug 08 2021 15:33:31 GMT+0530 (India Standard Time)
[debug] [2021-08-08T10:03:31.198Z] ----------------------------------------------------------------------
[debug] 
[debug] [2021-08-08T10:03:31.210Z] > command requires scopes: ["email","openid","https://www.googleapis.com/auth/cloudplatformprojects.readonly","https://www.googleapis.com/auth/firebase","https://www.googleapis.com/auth/cloud-platform"]
[debug] [2021-08-08T10:03:31.210Z] > authorizing via signed-in user (sahooranjit519@gmail.com)
[info] 
     ######## #### ########  ######## ########     ###     ######  ########
     ##        ##  ##     ## ##       ##     ##  ##   ##  ##       ##
     ######    ##  ########  ######   ########  #########  ######  ######
     ##        ##  ##    ##  ##       ##     ## ##     ##       ## ##
     ##       #### ##     ## ######## ########  ##     ##  ######  ########

You're about to initialize a Firebase project in this directory:

  E:\practice\sfuVideostreamreact\client

[info] 
=== Project Setup
[info] 
[info] First, let's associate this project directory with a Firebase project.
[info] You can create multiple project aliases by running firebase use --add, 
[info] but for now we'll just set up a default project.
[info] 
[debug] [2021-08-08T10:03:41.863Z] >>> [apiv2][query] GET https://firebase.googleapis.com/v1beta1/projects pageSize=100
[debug] [2021-08-08T10:03:42.720Z] <<< [apiv2][status] GET https://firebase.googleapis.com/v1beta1/projects 200
[debug] [2021-08-08T10:03:42.720Z] <<< [apiv2][body] GET https://firebase.googleapis.com/v1beta1/projects [omitted]
[info] i  Using project sfu-webrtc-react (sfu-webrtc-react) 
[info] 
=== Hosting Setup
[info] 
[info] Your public directory is the folder (relative to your project directory) that
[info] will contain Hosting assets to be uploaded with firebase deploy. If you
[info] have a build process for your assets, use your build's output directory.
[info] 
[debug] [2021-08-08T10:04:00.753Z] >>> [apiv2][query] GET https://www.gstatic.com/firebasejs/releases.json [none]
[debug] [2021-08-08T10:04:01.013Z] <<< [apiv2][status] GET https://www.gstatic.com/firebasejs/releases.json 200
[debug] [2021-08-08T10:04:01.014Z] <<< [apiv2][body] GET https://www.gstatic.com/firebasejs/releases.json {"current":{"version":"8.9.0","browserURL":"https://www.gstatic.com/firebasejs/8.9.0/firebase.js","packageURL":"https://www.gstatic.com/firebasejs/8.9.0/firebase.tgz"},"live":{"version":"8.9","browserURL":"https://www.gstatic.com/firebasejs/live/8.9/firebase.js","packageURL":"https://www.gstatic.com/firebasejs/live/8.9/firebase.tgz"},"components":{"analytics":"https://www.gstatic.com/firebasejs/8.9.0/firebase-analytics.js","app":"https://www.gstatic.com/firebasejs/8.9.0/firebase-app.js","app-check":"https://www.gstatic.com/firebasejs/8.9.0/firebase-app-check.js","auth":"https://www.gstatic.com/firebasejs/8.9.0/firebase-auth.js","database":"https://www.gstatic.com/firebasejs/8.9.0/firebase-database.js","firestore":"https://www.gstatic.com/firebasejs/8.9.0/firebase-firestore.js","functions":"https://www.gstatic.com/firebasejs/8.9.0/firebase-functions.js","installations":"https://www.gstatic.com/firebasejs/8.9.0/firebase-installations.js","messaging":"https://www.gstatic.com/firebasejs/8.9.0/firebase-messaging.js","storage":"https://www.gstatic.com/firebasejs/8.9.0/firebase-storage.js","performance":"https://www.gstatic.com/firebasejs/8.9.0/firebase-performance.js","remote-config":"https://www.gstatic.com/firebasejs/8.9.0/firebase-remote-config.js","firestore.memory":"https://www.gstatic.com/firebasejs/8.9.0/firebase-firestore.memory.js"}}
[debug] [2021-08-08T10:04:01.300Z] Error: EPERM: operation not permitted, open 'E:\practice\sfuVideostreamreact\client\build\index.html'
    at Object.openSync (node:fs:583:3)
    at Object.writeFileSync (node:fs:2144:35)
    at Object.createFileSync (C:\Users\RANJIT\AppData\Roaming\npm\node_modules\firebase-tools\node_modules\fs-extra\lib\ensure\file.js:43:6)
    at Config.writeProjectFile (C:\Users\RANJIT\AppData\Roaming\npm\node_modules\firebase-tools\lib\config.js:155:8)
    at C:\Users\RANJIT\AppData\Roaming\npm\node_modules\firebase-tools\lib\config.js:174:18
    at processTicksAndRejections (node:internal/process/task_queues:96:5)
[error] 
[error] Error: An unexpected error has occurred.
